running egg_info
writing ../../build/hx711_scale/hx711_scale.egg-info/PKG-INFO
writing dependency_links to ../../build/hx711_scale/hx711_scale.egg-info/dependency_links.txt
writing entry points to ../../build/hx711_scale/hx711_scale.egg-info/entry_points.txt
writing requirements to ../../build/hx711_scale/hx711_scale.egg-info/requires.txt
writing top-level names to ../../build/hx711_scale/hx711_scale.egg-info/top_level.txt
reading manifest file '../../build/hx711_scale/hx711_scale.egg-info/SOURCES.txt'
writing manifest file '../../build/hx711_scale/hx711_scale.egg-info/SOURCES.txt'
running build
running build_py
running install
running install_lib
running install_data
running install_egg_info
removing '/home/group5/bin_weighing_ws/install/hx711_scale/lib/python3.12/site-packages/hx711_scale-0.0.1-py3.12.egg-info' (and everything under it)
Copying ../../build/hx711_scale/hx711_scale.egg-info to /home/group5/bin_weighing_ws/install/hx711_scale/lib/python3.12/site-packages/hx711_scale-0.0.1-py3.12.egg-info
running install_scripts
Installing calibration_node script to /home/group5/bin_weighing_ws/install/hx711_scale/lib/hx711_scale
Installing scale_node script to /home/group5/bin_weighing_ws/install/hx711_scale/lib/hx711_scale
writing list of installed files to '/home/group5/bin_weighing_ws/build/hx711_scale/install.log'
