[7.949s] Invoking command in '/home/group5/bin_weighing_ws/src/hx711_scale': DEBUGINFOD_URLS=https://debuginfod.ubuntu.com PYTHONPATH=/home/group5/bin_weighing_ws/build/hx711_scale/prefix_override:/usr/lib/python3/dist-packages/colcon_core/task/python/colcon_distutils_commands:/home/group5/bin_weighing_ws/install/hx711_scale/lib/python3.12/site-packages:${PYTHONPATH} /usr/bin/python3 -W ignore:setup.py install is deprecated -W ignore:easy_install command is deprecated setup.py egg_info --egg-base ../../build/hx711_scale build --build-base /home/group5/bin_weighing_ws/build/hx711_scale/build install --record /home/group5/bin_weighing_ws/build/hx711_scale/install.log --single-version-externally-managed install_data
[10.183s] running egg_info
[10.348s] writing ../../build/hx711_scale/hx711_scale.egg-info/PKG-INFO
[10.351s] writing dependency_links to ../../build/hx711_scale/hx711_scale.egg-info/dependency_links.txt
[10.354s] writing entry points to ../../build/hx711_scale/hx711_scale.egg-info/entry_points.txt
[10.356s] writing requirements to ../../build/hx711_scale/hx711_scale.egg-info/requires.txt
[10.359s] writing top-level names to ../../build/hx711_scale/hx711_scale.egg-info/top_level.txt
[10.694s] reading manifest file '../../build/hx711_scale/hx711_scale.egg-info/SOURCES.txt'
[10.699s] writing manifest file '../../build/hx711_scale/hx711_scale.egg-info/SOURCES.txt'
[10.700s] running build
[10.702s] running build_py
[10.705s] running install
[10.745s] running install_lib
[10.924s] running install_data
[10.925s] running install_egg_info
[11.103s] removing '/home/group5/bin_weighing_ws/install/hx711_scale/lib/python3.12/site-packages/hx711_scale-0.0.1-py3.12.egg-info' (and everything under it)
[11.106s] Copying ../../build/hx711_scale/hx711_scale.egg-info to /home/group5/bin_weighing_ws/install/hx711_scale/lib/python3.12/site-packages/hx711_scale-0.0.1-py3.12.egg-info
[11.115s] running install_scripts
[12.310s] Installing calibration_node script to /home/group5/bin_weighing_ws/install/hx711_scale/lib/hx711_scale
[12.311s] Installing scale_node script to /home/group5/bin_weighing_ws/install/hx711_scale/lib/hx711_scale
[12.316s] writing list of installed files to '/home/group5/bin_weighing_ws/build/hx711_scale/install.log'
[12.660s] Invoked command in '/home/group5/bin_weighing_ws/src/hx711_scale' returned '0': DEBUGINFOD_URLS=https://debuginfod.ubuntu.com PYTHONPATH=/home/group5/bin_weighing_ws/build/hx711_scale/prefix_override:/usr/lib/python3/dist-packages/colcon_core/task/python/colcon_distutils_commands:/home/group5/bin_weighing_ws/install/hx711_scale/lib/python3.12/site-packages:${PYTHONPATH} /usr/bin/python3 -W ignore:setup.py install is deprecated -W ignore:easy_install command is deprecated setup.py egg_info --egg-base ../../build/hx711_scale build --build-base /home/group5/bin_weighing_ws/build/hx711_scale/build install --record /home/group5/bin_weighing_ws/build/hx711_scale/install.log --single-version-externally-managed install_data
