/home/group5/bin_weighing_ws/install/hx711_scale/lib/python3.12/site-packages/hx711_scale/calibration_manager.py
/home/group5/bin_weighing_ws/install/hx711_scale/lib/python3.12/site-packages/hx711_scale/__init__.py
/home/group5/bin_weighing_ws/install/hx711_scale/lib/python3.12/site-packages/hx711_scale/scale_node.py
/home/group5/bin_weighing_ws/install/hx711_scale/lib/python3.12/site-packages/hx711_scale/interpolation_logic.py
/home/group5/bin_weighing_ws/install/hx711_scale/lib/python3.12/site-packages/hx711_scale/hx711_driver.py
/home/group5/bin_weighing_ws/install/hx711_scale/lib/python3.12/site-packages/hx711_scale/calibration_node.py
/home/group5/bin_weighing_ws/install/hx711_scale/lib/python3.12/site-packages/hx711_scale/__pycache__/calibration_manager.cpython-312.pyc
/home/group5/bin_weighing_ws/install/hx711_scale/lib/python3.12/site-packages/hx711_scale/__pycache__/__init__.cpython-312.pyc
/home/group5/bin_weighing_ws/install/hx711_scale/lib/python3.12/site-packages/hx711_scale/__pycache__/scale_node.cpython-312.pyc
/home/group5/bin_weighing_ws/install/hx711_scale/lib/python3.12/site-packages/hx711_scale/__pycache__/interpolation_logic.cpython-312.pyc
/home/group5/bin_weighing_ws/install/hx711_scale/lib/python3.12/site-packages/hx711_scale/__pycache__/hx711_driver.cpython-312.pyc
/home/group5/bin_weighing_ws/install/hx711_scale/lib/python3.12/site-packages/hx711_scale/__pycache__/calibration_node.cpython-312.pyc
/home/group5/bin_weighing_ws/install/hx711_scale/share/ament_index/resource_index/packages/hx711_scale
/home/group5/bin_weighing_ws/install/hx711_scale/share/hx711_scale/package.xml
/home/group5/bin_weighing_ws/install/hx711_scale/lib/python3.12/site-packages/hx711_scale-0.0.1-py3.12.egg-info/requires.txt
/home/group5/bin_weighing_ws/install/hx711_scale/lib/python3.12/site-packages/hx711_scale-0.0.1-py3.12.egg-info/top_level.txt
/home/group5/bin_weighing_ws/install/hx711_scale/lib/python3.12/site-packages/hx711_scale-0.0.1-py3.12.egg-info/PKG-INFO
/home/group5/bin_weighing_ws/install/hx711_scale/lib/python3.12/site-packages/hx711_scale-0.0.1-py3.12.egg-info/SOURCES.txt
/home/group5/bin_weighing_ws/install/hx711_scale/lib/python3.12/site-packages/hx711_scale-0.0.1-py3.12.egg-info/dependency_links.txt
/home/group5/bin_weighing_ws/install/hx711_scale/lib/python3.12/site-packages/hx711_scale-0.0.1-py3.12.egg-info/entry_points.txt
/home/group5/bin_weighing_ws/install/hx711_scale/lib/hx711_scale/calibration_node
/home/group5/bin_weighing_ws/install/hx711_scale/lib/hx711_scale/scale_node
